[debug] [2025-08-30T23:47:02.228Z] ----------------------------------------------------------------------
[debug] [2025-08-30T23:47:02.229Z] Command:       /opt/homebrew/Cellar/node/23.11.0/bin/node /opt/homebrew/bin/firebase init --project appspark-coaching-1756590460
[debug] [2025-08-30T23:47:02.229Z] CLI Version:   14.15.1
[debug] [2025-08-30T23:47:02.229Z] Platform:      darwin
[debug] [2025-08-30T23:47:02.230Z] Node Version:  v23.11.0
[debug] [2025-08-30T23:47:02.230Z] Time:          Sat Aug 30 2025 17:47:02 GMT-0600 (Mountain Daylight Time)
[debug] [2025-08-30T23:47:02.230Z] ----------------------------------------------------------------------
[debug] 
[debug] [2025-08-30T23:47:02.233Z] > command requires scopes: ["email","openid","https://www.googleapis.com/auth/cloudplatformprojects.readonly","https://www.googleapis.com/auth/firebase","https://www.googleapis.com/auth/cloud-platform"]
[debug] [2025-08-30T23:47:02.233Z] > authorizing via signed-in user (badger@slickrockholdings.com)
[info] 
     ######## #### ########  ######## ########     ###     ######  ########
     ##        ##  ##     ## ##       ##     ##  ##   ##  ##       ##
     ######    ##  ########  ######   ########  #########  ######  ######
     ##        ##  ##    ##  ##       ##     ## ##     ##       ## ##
     ##       #### ##     ## ######## ########  ##     ##  ######  ########

You're about to initialize a Firebase project in this directory:

  /Users/flux/Library/Mobile Documents/com~apple~CloudDocs/Documents/appspark-coaching

[debug] [2025-08-30T23:47:06.386Z] ExitPromptError: User force closed the prompt with SIGINT
    at Interface.sigint (/opt/homebrew/lib/node_modules/firebase-tools/node_modules/@inquirer/core/dist/commonjs/lib/create-prompt.js:101:37)
    at Interface.emit (node:events:507:28)
    at Interface.emit (node:domain:489:12)
    at [_ttyWrite] [as _ttyWrite] (node:internal/readline/interface:1129:18)
    at ReadStream.onkeypress (node:internal/readline/interface:268:20)
    at ReadStream.emit (node:events:519:35)
    at ReadStream.emit (node:domain:489:12)
    at emitKeys (node:internal/readline/utils:370:14)
    at emitKeys.next (<anonymous>)
    at ReadStream.onData (node:internal/readline/emitKeypressEvents:64:36)
[error] 
[error] Error: An unexpected error has occurred.
